Sep 21, 2021 7:47:41 AM org.apache.catalina.startup.VersionLoggerListener log
INFO: Server version:        Apache Tomcat/7.0.94
Sep 21, 2021 7:47:41 AM org.apache.catalina.startup.VersionLoggerListener log
INFO: Server built:          Apr 10 2019 16:56:40 UTC
Sep 21, 2021 7:47:41 AM org.apache.catalina.startup.VersionLoggerListener log
INFO: Server number:         7.0.94.0
Sep 21, 2021 7:47:41 AM org.apache.catalina.startup.VersionLoggerListener log
INFO: OS Name:               Linux
Sep 21, 2021 7:47:41 AM org.apache.catalina.startup.VersionLoggerListener log
INFO: OS Version:            3.10.0-1062.12.1.el7.x86_64
Sep 21, 2021 7:47:41 AM org.apache.catalina.startup.VersionLoggerListener log
INFO: Architecture:          amd64
Sep 21, 2021 7:47:41 AM org.apache.catalina.startup.VersionLoggerListener log
INFO: Java Home:             /usr/lib/jvm/java-1.8.0-openjdk-1.8.0.302.b08-0.el7_9.x86_64/jre
Sep 21, 2021 7:47:41 AM org.apache.catalina.startup.VersionLoggerListener log
INFO: JVM Version:           1.8.0_302-b08
Sep 21, 2021 7:47:41 AM org.apache.catalina.startup.VersionLoggerListener log
INFO: JVM Vendor:            Red Hat, Inc.
Sep 21, 2021 7:47:41 AM org.apache.catalina.startup.VersionLoggerListener log
INFO: CATALINA_BASE:         /home/centos/springboot/complete/apache-tomcat-7.0.94
Sep 21, 2021 7:47:41 AM org.apache.catalina.startup.VersionLoggerListener log
INFO: CATALINA_HOME:         /home/centos/springboot/complete/apache-tomcat-7.0.94
Sep 21, 2021 7:47:41 AM org.apache.catalina.startup.VersionLoggerListener log
INFO: Command line argument: -Djava.util.logging.config.file=/home/centos/springboot/complete/apache-tomcat-7.0.94/conf/logging.properties
Sep 21, 2021 7:47:41 AM org.apache.catalina.startup.VersionLoggerListener log
INFO: Command line argument: -Djava.util.logging.manager=org.apache.juli.ClassLoaderLogManager
Sep 21, 2021 7:47:41 AM org.apache.catalina.startup.VersionLoggerListener log
INFO: Command line argument: -Djdk.tls.ephemeralDHKeySize=2048
Sep 21, 2021 7:47:41 AM org.apache.catalina.startup.VersionLoggerListener log
INFO: Command line argument: -Dignore.endorsed.dirs=
Sep 21, 2021 7:47:41 AM org.apache.catalina.startup.VersionLoggerListener log
INFO: Command line argument: -Dcatalina.base=/home/centos/springboot/complete/apache-tomcat-7.0.94
Sep 21, 2021 7:47:41 AM org.apache.catalina.startup.VersionLoggerListener log
INFO: Command line argument: -Dcatalina.home=/home/centos/springboot/complete/apache-tomcat-7.0.94
Sep 21, 2021 7:47:41 AM org.apache.catalina.startup.VersionLoggerListener log
INFO: Command line argument: -Djava.io.tmpdir=/home/centos/springboot/complete/apache-tomcat-7.0.94/temp
Sep 21, 2021 7:47:41 AM org.apache.catalina.core.AprLifecycleListener lifecycleEvent
INFO: The APR based Apache Tomcat Native library which allows optimal performance in production environments was not found on the java.library.path: /usr/java/packages/lib/amd64:/usr/lib64:/lib64:/lib:/usr/lib
Sep 21, 2021 7:47:41 AM org.apache.coyote.AbstractProtocol init
INFO: Initializing ProtocolHandler ["http-bio-8080"]
Sep 21, 2021 7:47:41 AM org.apache.coyote.AbstractProtocol init
INFO: Initializing ProtocolHandler ["ajp-bio-8009"]
Sep 21, 2021 7:47:41 AM org.apache.coyote.AbstractProtocol init
SEVERE: Failed to initialize end point associated with ProtocolHandler ["ajp-bio-8009"]
java.net.BindException: Address already in use (Bind failed) <null>:8009
	at org.apache.tomcat.util.net.JIoEndpoint.bind(JIoEndpoint.java:414)
	at org.apache.tomcat.util.net.AbstractEndpoint.init(AbstractEndpoint.java:728)
	at org.apache.coyote.AbstractProtocol.init(AbstractProtocol.java:452)
	at org.apache.catalina.connector.Connector.initInternal(Connector.java:978)
	at org.apache.catalina.util.LifecycleBase.init(LifecycleBase.java:102)
	at org.apache.catalina.core.StandardService.initInternal(StandardService.java:560)
	at org.apache.catalina.util.LifecycleBase.init(LifecycleBase.java:102)
	at org.apache.catalina.core.StandardServer.initInternal(StandardServer.java:840)
	at org.apache.catalina.util.LifecycleBase.init(LifecycleBase.java:102)
	at org.apache.catalina.startup.Catalina.load(Catalina.java:660)
	at org.apache.catalina.startup.Catalina.load(Catalina.java:685)
	at sun.reflect.NativeMethodAccessorImpl.invoke0(Native Method)
	at sun.reflect.NativeMethodAccessorImpl.invoke(NativeMethodAccessorImpl.java:62)
	at sun.reflect.DelegatingMethodAccessorImpl.invoke(DelegatingMethodAccessorImpl.java:43)
	at java.lang.reflect.Method.invoke(Method.java:498)
	at org.apache.catalina.startup.Bootstrap.load(Bootstrap.java:253)
	at org.apache.catalina.startup.Bootstrap.main(Bootstrap.java:427)
Caused by: java.net.BindException: Address already in use (Bind failed)
	at java.net.PlainSocketImpl.socketBind(Native Method)
	at java.net.AbstractPlainSocketImpl.bind(AbstractPlainSocketImpl.java:387)
	at java.net.ServerSocket.bind(ServerSocket.java:390)
	at java.net.ServerSocket.<init>(ServerSocket.java:252)
	at java.net.ServerSocket.<init>(ServerSocket.java:196)
	at org.apache.tomcat.util.net.DefaultServerSocketFactory.createSocket(DefaultServerSocketFactory.java:49)
	at org.apache.tomcat.util.net.JIoEndpoint.bind(JIoEndpoint.java:401)
	... 16 more

Sep 21, 2021 7:47:41 AM org.apache.catalina.core.StandardService initInternal
SEVERE: Failed to initialize connector [Connector[AJP/1.3-8009]]
org.apache.catalina.LifecycleException: Failed to initialize component [Connector[AJP/1.3-8009]]
	at org.apache.catalina.util.LifecycleBase.init(LifecycleBase.java:107)
	at org.apache.catalina.core.StandardService.initInternal(StandardService.java:560)
	at org.apache.catalina.util.LifecycleBase.init(LifecycleBase.java:102)
	at org.apache.catalina.core.StandardServer.initInternal(StandardServer.java:840)
	at org.apache.catalina.util.LifecycleBase.init(LifecycleBase.java:102)
	at org.apache.catalina.startup.Catalina.load(Catalina.java:660)
	at org.apache.catalina.startup.Catalina.load(Catalina.java:685)
	at sun.reflect.NativeMethodAccessorImpl.invoke0(Native Method)
	at sun.reflect.NativeMethodAccessorImpl.invoke(NativeMethodAccessorImpl.java:62)
	at sun.reflect.DelegatingMethodAccessorImpl.invoke(DelegatingMethodAccessorImpl.java:43)
	at java.lang.reflect.Method.invoke(Method.java:498)
	at org.apache.catalina.startup.Bootstrap.load(Bootstrap.java:253)
	at org.apache.catalina.startup.Bootstrap.main(Bootstrap.java:427)
Caused by: org.apache.catalina.LifecycleException: Protocol handler initialization failed
	at org.apache.catalina.connector.Connector.initInternal(Connector.java:980)
	at org.apache.catalina.util.LifecycleBase.init(LifecycleBase.java:102)
	... 12 more
Caused by: java.net.BindException: Address already in use (Bind failed) <null>:8009
	at org.apache.tomcat.util.net.JIoEndpoint.bind(JIoEndpoint.java:414)
	at org.apache.tomcat.util.net.AbstractEndpoint.init(AbstractEndpoint.java:728)
	at org.apache.coyote.AbstractProtocol.init(AbstractProtocol.java:452)
	at org.apache.catalina.connector.Connector.initInternal(Connector.java:978)
	... 13 more
Caused by: java.net.BindException: Address already in use (Bind failed)
	at java.net.PlainSocketImpl.socketBind(Native Method)
	at java.net.AbstractPlainSocketImpl.bind(AbstractPlainSocketImpl.java:387)
	at java.net.ServerSocket.bind(ServerSocket.java:390)
	at java.net.ServerSocket.<init>(ServerSocket.java:252)
	at java.net.ServerSocket.<init>(ServerSocket.java:196)
	at org.apache.tomcat.util.net.DefaultServerSocketFactory.createSocket(DefaultServerSocketFactory.java:49)
	at org.apache.tomcat.util.net.JIoEndpoint.bind(JIoEndpoint.java:401)
	... 16 more

Sep 21, 2021 7:47:41 AM org.apache.catalina.startup.Catalina load
INFO: Initialization processed in 1190 ms
Sep 21, 2021 7:47:41 AM org.apache.catalina.core.StandardService startInternal
INFO: Starting service Catalina
Sep 21, 2021 7:47:41 AM org.apache.catalina.core.StandardEngine startInternal
INFO: Starting Servlet Engine: Apache Tomcat/7.0.94
Sep 21, 2021 7:47:41 AM org.apache.catalina.startup.HostConfig deployDirectory
INFO: Deploying web application directory /home/centos/springboot/complete/apache-tomcat-7.0.94/webapps/ROOT
Sep 21, 2021 7:47:42 AM org.apache.catalina.startup.HostConfig deployDirectory
INFO: Deployment of web application directory /home/centos/springboot/complete/apache-tomcat-7.0.94/webapps/ROOT has finished in 598 ms
Sep 21, 2021 7:47:42 AM org.apache.catalina.startup.HostConfig deployDirectory
INFO: Deploying web application directory /home/centos/springboot/complete/apache-tomcat-7.0.94/webapps/docs
Sep 21, 2021 7:47:42 AM org.apache.catalina.startup.HostConfig deployDirectory
INFO: Deployment of web application directory /home/centos/springboot/complete/apache-tomcat-7.0.94/webapps/docs has finished in 100 ms
Sep 21, 2021 7:47:42 AM org.apache.catalina.startup.HostConfig deployDirectory
INFO: Deploying web application directory /home/centos/springboot/complete/apache-tomcat-7.0.94/webapps/examples
Sep 21, 2021 7:47:42 AM org.apache.catalina.startup.HostConfig deployDirectory
INFO: Deployment of web application directory /home/centos/springboot/complete/apache-tomcat-7.0.94/webapps/examples has finished in 445 ms
Sep 21, 2021 7:47:42 AM org.apache.catalina.startup.HostConfig deployDirectory
INFO: Deploying web application directory /home/centos/springboot/complete/apache-tomcat-7.0.94/webapps/host-manager
Sep 21, 2021 7:47:42 AM org.apache.catalina.startup.HostConfig deployDirectory
INFO: Deployment of web application directory /home/centos/springboot/complete/apache-tomcat-7.0.94/webapps/host-manager has finished in 91 ms
Sep 21, 2021 7:47:42 AM org.apache.catalina.startup.HostConfig deployDirectory
INFO: Deploying web application directory /home/centos/springboot/complete/apache-tomcat-7.0.94/webapps/manager
Sep 21, 2021 7:47:43 AM org.apache.catalina.startup.HostConfig deployDirectory
INFO: Deployment of web application directory /home/centos/springboot/complete/apache-tomcat-7.0.94/webapps/manager has finished in 110 ms
Sep 21, 2021 7:47:43 AM org.apache.coyote.AbstractProtocol start
INFO: Starting ProtocolHandler ["http-bio-8080"]
Sep 21, 2021 7:47:43 AM org.apache.catalina.startup.Catalina start
INFO: Server startup in 1451 ms
Sep 21, 2021 7:47:43 AM org.apache.catalina.core.StandardServer await
SEVERE: StandardServer.await: create[localhost:8005]: 
java.net.BindException: Address already in use (Bind failed)
	at java.net.PlainSocketImpl.socketBind(Native Method)
	at java.net.AbstractPlainSocketImpl.bind(AbstractPlainSocketImpl.java:387)
	at java.net.ServerSocket.bind(ServerSocket.java:390)
	at java.net.ServerSocket.<init>(ServerSocket.java:252)
	at org.apache.catalina.core.StandardServer.await(StandardServer.java:444)
	at org.apache.catalina.startup.Catalina.await(Catalina.java:799)
	at org.apache.catalina.startup.Catalina.start(Catalina.java:745)
	at sun.reflect.NativeMethodAccessorImpl.invoke0(Native Method)
	at sun.reflect.NativeMethodAccessorImpl.invoke(NativeMethodAccessorImpl.java:62)
	at sun.reflect.DelegatingMethodAccessorImpl.invoke(DelegatingMethodAccessorImpl.java:43)
	at java.lang.reflect.Method.invoke(Method.java:498)
	at org.apache.catalina.startup.Bootstrap.start(Bootstrap.java:294)
	at org.apache.catalina.startup.Bootstrap.main(Bootstrap.java:428)

Sep 21, 2021 7:47:43 AM org.apache.coyote.AbstractProtocol pause
INFO: Pausing ProtocolHandler ["http-bio-8080"]
Sep 21, 2021 7:47:43 AM org.apache.coyote.AbstractProtocol pause
INFO: Pausing ProtocolHandler ["ajp-bio-8009"]
Sep 21, 2021 7:47:43 AM org.apache.catalina.core.StandardService stopInternal
INFO: Stopping service Catalina
Sep 21, 2021 7:47:43 AM org.apache.coyote.AbstractProtocol stop
INFO: Stopping ProtocolHandler ["http-bio-8080"]
Sep 21, 2021 7:47:43 AM org.apache.coyote.AbstractProtocol destroy
INFO: Destroying ProtocolHandler ["http-bio-8080"]
Sep 21, 2021 7:47:43 AM org.apache.coyote.AbstractProtocol stop
INFO: Stopping ProtocolHandler ["ajp-bio-8009"]
Sep 21, 2021 7:47:43 AM org.apache.coyote.AbstractProtocol destroy
INFO: Destroying ProtocolHandler ["ajp-bio-8009"]
Sep 21, 2021 7:55:39 AM org.apache.catalina.startup.VersionLoggerListener log
INFO: Server version:        Apache Tomcat/7.0.94
Sep 21, 2021 7:55:39 AM org.apache.catalina.startup.VersionLoggerListener log
INFO: Server built:          Apr 10 2019 16:56:40 UTC
Sep 21, 2021 7:55:39 AM org.apache.catalina.startup.VersionLoggerListener log
INFO: Server number:         7.0.94.0
Sep 21, 2021 7:55:39 AM org.apache.catalina.startup.VersionLoggerListener log
INFO: OS Name:               Linux
Sep 21, 2021 7:55:39 AM org.apache.catalina.startup.VersionLoggerListener log
INFO: OS Version:            3.10.0-1062.12.1.el7.x86_64
Sep 21, 2021 7:55:39 AM org.apache.catalina.startup.VersionLoggerListener log
INFO: Architecture:          amd64
Sep 21, 2021 7:55:39 AM org.apache.catalina.startup.VersionLoggerListener log
INFO: Java Home:             /usr/lib/jvm/java-1.8.0-openjdk-1.8.0.302.b08-0.el7_9.x86_64/jre
Sep 21, 2021 7:55:39 AM org.apache.catalina.startup.VersionLoggerListener log
INFO: JVM Version:           1.8.0_302-b08
Sep 21, 2021 7:55:39 AM org.apache.catalina.startup.VersionLoggerListener log
INFO: JVM Vendor:            Red Hat, Inc.
Sep 21, 2021 7:55:39 AM org.apache.catalina.startup.VersionLoggerListener log
INFO: CATALINA_BASE:         /home/centos/springboot/complete/apache-tomcat-7.0.94
Sep 21, 2021 7:55:39 AM org.apache.catalina.startup.VersionLoggerListener log
INFO: CATALINA_HOME:         /home/centos/springboot/complete/apache-tomcat-7.0.94
Sep 21, 2021 7:55:39 AM org.apache.catalina.startup.VersionLoggerListener log
INFO: Command line argument: -Djava.util.logging.config.file=/home/centos/springboot/complete/apache-tomcat-7.0.94/conf/logging.properties
Sep 21, 2021 7:55:39 AM org.apache.catalina.startup.VersionLoggerListener log
INFO: Command line argument: -Djava.util.logging.manager=org.apache.juli.ClassLoaderLogManager
Sep 21, 2021 7:55:39 AM org.apache.catalina.startup.VersionLoggerListener log
INFO: Command line argument: -Djdk.tls.ephemeralDHKeySize=2048
Sep 21, 2021 7:55:39 AM org.apache.catalina.startup.VersionLoggerListener log
INFO: Command line argument: -Dignore.endorsed.dirs=
Sep 21, 2021 7:55:39 AM org.apache.catalina.startup.VersionLoggerListener log
INFO: Command line argument: -Dcatalina.base=/home/centos/springboot/complete/apache-tomcat-7.0.94
Sep 21, 2021 7:55:39 AM org.apache.catalina.startup.VersionLoggerListener log
INFO: Command line argument: -Dcatalina.home=/home/centos/springboot/complete/apache-tomcat-7.0.94
Sep 21, 2021 7:55:39 AM org.apache.catalina.startup.VersionLoggerListener log
INFO: Command line argument: -Djava.io.tmpdir=/home/centos/springboot/complete/apache-tomcat-7.0.94/temp
Sep 21, 2021 7:55:39 AM org.apache.catalina.core.AprLifecycleListener lifecycleEvent
INFO: The APR based Apache Tomcat Native library which allows optimal performance in production environments was not found on the java.library.path: /usr/java/packages/lib/amd64:/usr/lib64:/lib64:/lib:/usr/lib
Sep 21, 2021 7:55:39 AM org.apache.coyote.AbstractProtocol init
INFO: Initializing ProtocolHandler ["http-bio-8088"]
Sep 21, 2021 7:55:39 AM org.apache.coyote.AbstractProtocol init
INFO: Initializing ProtocolHandler ["ajp-bio-8009"]
Sep 21, 2021 7:55:39 AM org.apache.catalina.startup.Catalina load
INFO: Initialization processed in 1210 ms
Sep 21, 2021 7:55:39 AM org.apache.catalina.core.StandardService startInternal
INFO: Starting service Catalina
Sep 21, 2021 7:55:39 AM org.apache.catalina.core.StandardEngine startInternal
INFO: Starting Servlet Engine: Apache Tomcat/7.0.94
Sep 21, 2021 7:55:39 AM org.apache.catalina.startup.HostConfig deployDirectory
INFO: Deploying web application directory /home/centos/springboot/complete/apache-tomcat-7.0.94/webapps/ROOT
Sep 21, 2021 7:55:40 AM org.apache.catalina.startup.HostConfig deployDirectory
INFO: Deployment of web application directory /home/centos/springboot/complete/apache-tomcat-7.0.94/webapps/ROOT has finished in 586 ms
Sep 21, 2021 7:55:40 AM org.apache.catalina.startup.HostConfig deployDirectory
INFO: Deploying web application directory /home/centos/springboot/complete/apache-tomcat-7.0.94/webapps/docs
Sep 21, 2021 7:55:40 AM org.apache.catalina.startup.HostConfig deployDirectory
INFO: Deployment of web application directory /home/centos/springboot/complete/apache-tomcat-7.0.94/webapps/docs has finished in 91 ms
Sep 21, 2021 7:55:40 AM org.apache.catalina.startup.HostConfig deployDirectory
INFO: Deploying web application directory /home/centos/springboot/complete/apache-tomcat-7.0.94/webapps/examples
Sep 21, 2021 7:55:40 AM org.apache.catalina.startup.HostConfig deployDirectory
INFO: Deployment of web application directory /home/centos/springboot/complete/apache-tomcat-7.0.94/webapps/examples has finished in 453 ms
Sep 21, 2021 7:55:40 AM org.apache.catalina.startup.HostConfig deployDirectory
INFO: Deploying web application directory /home/centos/springboot/complete/apache-tomcat-7.0.94/webapps/host-manager
Sep 21, 2021 7:55:41 AM org.apache.catalina.startup.HostConfig deployDirectory
INFO: Deployment of web application directory /home/centos/springboot/complete/apache-tomcat-7.0.94/webapps/host-manager has finished in 110 ms
Sep 21, 2021 7:55:41 AM org.apache.catalina.startup.HostConfig deployDirectory
INFO: Deploying web application directory /home/centos/springboot/complete/apache-tomcat-7.0.94/webapps/manager
Sep 21, 2021 7:55:41 AM org.apache.catalina.startup.HostConfig deployDirectory
INFO: Deployment of web application directory /home/centos/springboot/complete/apache-tomcat-7.0.94/webapps/manager has finished in 94 ms
Sep 21, 2021 7:55:41 AM org.apache.coyote.AbstractProtocol start
INFO: Starting ProtocolHandler ["http-bio-8088"]
Sep 21, 2021 7:55:41 AM org.apache.coyote.AbstractProtocol start
INFO: Starting ProtocolHandler ["ajp-bio-8009"]
Sep 21, 2021 7:55:41 AM org.apache.catalina.startup.Catalina start
INFO: Server startup in 1594 ms
